[2m2026-02-13T15:47:40.482578Z[0m [32m INFO[0m [2mfd_rdd[0m[2m:[0m Starting fd-rdd: RDD-based elastic file indexer
[2m2026-02-13T15:47:42.061024Z[0m [33m WARN[0m [2mfd_rdd::event::watcher[0m[2m:[0m Failed to watch "/home/shiyi": Permission denied (os error 13) about ["/home/shiyi/.local/share/Steam/steamapps/compatdata/1493710/pfx/dosdevices/z:/home/.snapshots"]
[2m2026-02-13T15:47:42.061466Z[0m [32m INFO[0m [2mfd_rdd::query::server[0m[2m:[0m HTTP Query Server listening on 6060
[2m2026-02-13T15:47:42.094778Z[0m [32m INFO[0m [2mfd_rdd[0m[2m:[0m fd-rdd ready. Query via: http://localhost:6060/search?q=keyword
[2m2026-02-13T15:48:31.878339Z[0m [32m INFO[0m [2mfd_rdd::index::tiered[0m[2m:[0m L3 miss, triggering cold scan for: *vcp in roots: ["/home/shiyi", "/tmp/vcp_test_data"]
[2m2026-02-13T15:48:31.950615Z[0m [32m INFO[0m [2mfd_rdd::index::tiered[0m[2m:[0m L3 miss, triggering cold scan for: vcp* in roots: ["/home/shiyi", "/tmp/vcp_test_data"]
[2m2026-02-13T15:48:32.018781Z[0m [32m INFO[0m [2mfd_rdd::index::tiered[0m[2m:[0m L3 miss, triggering cold scan for: vc*p in roots: ["/home/shiyi", "/tmp/vcp_test_data"]
[2m2026-02-13T15:48:42.238744Z[0m [32m INFO[0m [2mfd_rdd::index::tiered[0m[2m:[0m L3 miss, triggering cold scan for: src* in roots: ["/home/shiyi", "/tmp/vcp_test_data"]
[2m2026-02-13T15:48:42.305000Z[0m [32m INFO[0m [2mfd_rdd::index::tiered[0m[2m:[0m L3 miss, triggering cold scan for: src*rs in roots: ["/home/shiyi", "/tmp/vcp_test_data"]
[2m2026-02-13T16:12:12.753129Z[0m [32m INFO[0m [2mfd_rdd::core::adaptive[0m[2m:[0m Adaptive parallelism: 16 -> 32 (load: 2.68, mem_pressure: 0.49)
[2m2026-02-13T16:12:42.757746Z[0m [32m INFO[0m [2mfd_rdd::core::adaptive[0m[2m:[0m Adaptive parallelism: 32 -> 16 (load: 2.62, mem_pressure: 0.51)
[2m2026-02-13T16:13:12.765932Z[0m [32m INFO[0m [2mfd_rdd::core::adaptive[0m[2m:[0m Adaptive parallelism: 16 -> 32 (load: 2.18, mem_pressure: 0.49)
[2m2026-02-13T16:16:12.821797Z[0m [32m INFO[0m [2mfd_rdd::core::adaptive[0m[2m:[0m Adaptive parallelism: 32 -> 16 (load: 1.74, mem_pressure: 0.52)
[2m2026-02-13T16:46:13.416064Z[0m [32m INFO[0m [2mfd_rdd::core::adaptive[0m[2m:[0m Adaptive parallelism: 16 -> 32 (load: 0.93, mem_pressure: 0.50)
[2m2026-02-13T16:46:43.422008Z[0m [32m INFO[0m [2mfd_rdd::core::adaptive[0m[2m:[0m Adaptive parallelism: 32 -> 16 (load: 2.18, mem_pressure: 0.51)
[2m2026-02-13T16:47:13.441419Z[0m [32m INFO[0m [2mfd_rdd::core::adaptive[0m[2m:[0m Adaptive parallelism: 16 -> 32 (load: 1.68, mem_pressure: 0.49)
[2m2026-02-13T16:48:13.460572Z[0m [32m INFO[0m [2mfd_rdd::core::adaptive[0m[2m:[0m Adaptive parallelism: 32 -> 16 (load: 2.10, mem_pressure: 0.50)
[2m2026-02-13T16:48:43.477367Z[0m [32m INFO[0m [2mfd_rdd::core::adaptive[0m[2m:[0m Adaptive parallelism: 16 -> 32 (load: 1.99, mem_pressure: 0.50)
[2m2026-02-13T16:49:13.509840Z[0m [32m INFO[0m [2mfd_rdd::core::adaptive[0m[2m:[0m Adaptive parallelism: 32 -> 16 (load: 1.32, mem_pressure: 0.54)
[2m2026-02-13T16:50:13.522559Z[0m [32m INFO[0m [2mfd_rdd::core::adaptive[0m[2m:[0m Adaptive parallelism: 16 -> 32 (load: 2.97, mem_pressure: 0.50)
